2024-03-12 11:19:17,997 - INFO - Response Time: 4.072685718536377
2024-03-12 11:19:17,998 - INFO - CPU Utilization: 4.6%
2024-03-12 11:19:17,998 - INFO - Memory Utilization: 25.7%
2024-03-12 11:19:17,998 - INFO - Response Time: 0.0003223419189453125
2024-03-12 11:19:17,999 - INFO - CPU Utilization: 0.0%
2024-03-12 11:19:17,999 - INFO - Memory Utilization: 25.7%
2024-03-12 11:19:17,999 - INFO - Response Time: 0.00038313865661621094
2024-03-12 11:19:17,999 - INFO - CPU Utilization: 0.0%
2024-03-12 11:19:17,999 - INFO - Memory Utilization: 25.7%
2024-03-12 11:19:18,000 - INFO - Response Time: 0.0005335807800292969
2024-03-12 11:19:18,000 - INFO - CPU Utilization: 0.0%
2024-03-12 11:19:18,000 - INFO - Memory Utilization: 25.7%
2024-03-12 11:19:18,001 - INFO - Response Time: 0.0007233619689941406
2024-03-12 11:19:18,001 - INFO - CPU Utilization: 0.0%
2024-03-12 11:19:18,002 - INFO - Memory Utilization: 25.7%
2024-03-12 11:19:18,002 - INFO - Response Time: 0.0005793571472167969
2024-03-12 11:19:18,003 - INFO - CPU Utilization: 0.0%
2024-03-12 11:19:18,003 - INFO - Memory Utilization: 25.7%
2024-03-12 11:19:18,004 - INFO - Response Time: 0.0007250308990478516
2024-03-12 11:19:18,004 - INFO - CPU Utilization: 0.0%
2024-03-12 11:19:18,004 - INFO - Memory Utilization: 25.7%
2024-03-12 11:19:18,005 - INFO - Response Time: 0.0003879070281982422
2024-03-12 11:19:18,005 - INFO - CPU Utilization: 0.0%
2024-03-12 11:19:18,005 - INFO - Memory Utilization: 25.7%
2024-03-12 11:19:18,006 - INFO - Response Time: 0.0005924701690673828
2024-03-12 11:19:18,006 - INFO - CPU Utilization: 0.0%
2024-03-12 11:19:18,006 - INFO - Memory Utilization: 25.7%
2024-03-12 11:19:18,007 - INFO - Response Time: 0.0007960796356201172
2024-03-12 11:19:18,007 - INFO - CPU Utilization: 0.0%
2024-03-12 11:19:18,007 - INFO - Memory Utilization: 25.7%
2024-03-12 11:19:18,008 - INFO - Response Time: 0.0006144046783447266
2024-03-12 11:19:18,008 - INFO - CPU Utilization: 0.0%
2024-03-12 11:19:18,008 - INFO - Memory Utilization: 25.7%
2024-03-12 11:19:18,009 - INFO - Response Time: 0.0006344318389892578
2024-03-12 11:19:18,009 - INFO - CPU Utilization: 0.0%
2024-03-12 11:19:18,009 - INFO - Memory Utilization: 25.7%
2024-03-12 11:19:18,010 - INFO - Response Time: 0.000579833984375
2024-03-12 11:19:18,010 - INFO - CPU Utilization: 33.3%
2024-03-12 11:19:18,010 - INFO - Memory Utilization: 25.7%
2024-03-12 11:19:18,011 - INFO - Response Time: 0.0007894039154052734
2024-03-12 11:19:18,011 - INFO - CPU Utilization: 0.0%
2024-03-12 11:19:18,011 - INFO - Memory Utilization: 25.7%
2024-03-12 11:19:18,012 - INFO - Response Time: 0.000629425048828125
2024-03-12 11:19:18,012 - INFO - CPU Utilization: 0.0%
2024-03-12 11:19:18,012 - INFO - Memory Utilization: 25.7%
2024-03-12 11:19:18,012 - INFO - Response Time: 0.0005526542663574219
2024-03-12 11:19:18,013 - INFO - CPU Utilization: 0.0%
2024-03-12 11:19:18,013 - INFO - Memory Utilization: 25.7%
2024-03-12 11:19:18,014 - INFO - Response Time: 0.001283407211303711
2024-03-12 11:19:18,014 - INFO - CPU Utilization: 0.0%
2024-03-12 11:19:18,014 - INFO - Memory Utilization: 25.7%
2024-03-12 11:19:18,015 - INFO - Response Time: 0.00046372413635253906
2024-03-12 11:19:18,015 - INFO - CPU Utilization: 0.0%
2024-03-12 11:19:18,015 - INFO - Memory Utilization: 25.7%
2024-03-12 11:19:18,016 - INFO - Response Time: 0.0006656646728515625
2024-03-12 11:19:18,016 - INFO - CPU Utilization: 0.0%
2024-03-12 11:19:18,016 - INFO - Memory Utilization: 25.7%
2024-03-12 11:19:18,017 - INFO - Response Time: 0.0007321834564208984
2024-03-12 11:19:18,017 - INFO - CPU Utilization: 0.0%
2024-03-12 11:19:18,017 - INFO - Memory Utilization: 25.7%
2024-03-12 11:19:18,018 - INFO - Response Time: 0.0006136894226074219
2024-03-12 11:19:18,018 - INFO - CPU Utilization: 50.0%
2024-03-12 11:19:18,018 - INFO - Memory Utilization: 25.7%
2024-03-12 11:19:18,019 - INFO - Response Time: 0.00048160552978515625
2024-03-12 11:19:18,019 - INFO - CPU Utilization: 0.0%
2024-03-12 11:19:18,019 - INFO - Memory Utilization: 25.7%
2024-03-12 11:19:18,020 - INFO - Response Time: 0.0008018016815185547
2024-03-12 11:19:18,020 - INFO - CPU Utilization: 0.0%
2024-03-12 11:19:18,020 - INFO - Memory Utilization: 25.7%
2024-03-12 11:19:18,021 - INFO - Response Time: 0.0006709098815917969
2024-03-12 11:19:18,021 - INFO - CPU Utilization: 66.7%
2024-03-12 11:19:18,021 - INFO - Memory Utilization: 25.7%
2024-03-12 11:19:18,022 - INFO - Response Time: 0.0005891323089599609
2024-03-12 11:19:18,022 - INFO - CPU Utilization: 0.0%
2024-03-12 11:19:18,022 - INFO - Memory Utilization: 25.7%
2024-03-12 11:19:18,023 - INFO - Response Time: 0.0005865097045898438
2024-03-12 11:19:18,023 - INFO - CPU Utilization: 0.0%
2024-03-12 11:19:18,023 - INFO - Memory Utilization: 25.7%
2024-03-12 11:19:18,024 - INFO - Response Time: 0.0006930828094482422
2024-03-12 11:19:18,024 - INFO - CPU Utilization: 0.0%
2024-03-12 11:19:18,024 - INFO - Memory Utilization: 25.7%
2024-03-12 11:19:18,025 - INFO - Response Time: 0.000698089599609375
2024-03-12 11:19:18,025 - INFO - CPU Utilization: 0.0%
2024-03-12 11:19:18,025 - INFO - Memory Utilization: 25.7%
2024-03-12 11:19:18,026 - INFO - Response Time: 0.0007488727569580078
2024-03-12 11:19:18,026 - INFO - CPU Utilization: 0.0%
2024-03-12 11:19:18,026 - INFO - Memory Utilization: 25.7%
2024-03-12 11:19:18,027 - INFO - Response Time: 0.0006144046783447266
2024-03-12 11:19:18,027 - INFO - CPU Utilization: 0.0%
2024-03-12 11:19:18,027 - INFO - Memory Utilization: 25.8%
2024-03-12 11:19:18,028 - INFO - Response Time: 0.0011475086212158203
2024-03-12 11:19:18,029 - INFO - CPU Utilization: 0.0%
2024-03-12 11:19:18,029 - INFO - Memory Utilization: 25.8%
2024-03-12 11:19:18,029 - INFO - Response Time: 0.0004892349243164062
2024-03-12 11:19:18,030 - INFO - CPU Utilization: 50.0%
2024-03-12 11:19:18,030 - INFO - Memory Utilization: 25.8%
2024-03-12 11:19:18,030 - INFO - Response Time: 0.0005292892456054688
2024-03-12 11:19:18,031 - INFO - CPU Utilization: 0.0%
2024-03-12 11:19:18,031 - INFO - Memory Utilization: 25.8%
2024-03-12 11:19:18,031 - INFO - Response Time: 0.0005638599395751953
2024-03-12 11:19:18,032 - INFO - CPU Utilization: 0.0%
2024-03-12 11:19:18,032 - INFO - Memory Utilization: 25.8%
2024-03-12 11:19:18,032 - INFO - Response Time: 0.00043463706970214844
2024-03-12 11:19:18,032 - INFO - CPU Utilization: 0.0%
2024-03-12 11:19:18,032 - INFO - Memory Utilization: 25.8%
2024-03-12 11:19:18,033 - INFO - Response Time: 0.0008456707000732422
2024-03-12 11:19:18,034 - INFO - CPU Utilization: 0.0%
2024-03-12 11:19:18,034 - INFO - Memory Utilization: 25.8%
2024-03-12 11:19:18,034 - INFO - Response Time: 0.0005669593811035156
2024-03-12 11:19:18,035 - INFO - CPU Utilization: 0.0%
2024-03-12 11:19:18,035 - INFO - Memory Utilization: 25.8%
2024-03-12 11:19:18,035 - INFO - Response Time: 0.0005676746368408203
2024-03-12 11:19:18,035 - INFO - CPU Utilization: 0.0%
2024-03-12 11:19:18,036 - INFO - Memory Utilization: 25.8%
2024-03-12 11:19:18,036 - INFO - Response Time: 0.0006136894226074219
2024-03-12 11:19:18,036 - INFO - CPU Utilization: 0.0%
2024-03-12 11:19:18,036 - INFO - Memory Utilization: 25.8%
2024-03-12 11:19:18,037 - INFO - Response Time: 0.0006821155548095703
2024-03-12 11:19:18,038 - INFO - CPU Utilization: 33.3%
2024-03-12 11:19:18,038 - INFO - Memory Utilization: 25.8%
2024-03-12 11:19:18,038 - INFO - Response Time: 0.00044465065002441406
2024-03-12 11:19:18,039 - INFO - CPU Utilization: 0.0%
2024-03-12 11:19:18,039 - INFO - Memory Utilization: 25.8%
2024-03-12 11:19:18,039 - INFO - Response Time: 0.00049591064453125
2024-03-12 11:19:18,039 - INFO - CPU Utilization: 0.0%
2024-03-12 11:19:18,040 - INFO - Memory Utilization: 25.8%
2024-03-12 11:19:18,040 - INFO - Response Time: 0.0006244182586669922
2024-03-12 11:19:18,040 - INFO - CPU Utilization: 0.0%
2024-03-12 11:19:18,041 - INFO - Memory Utilization: 25.8%
2024-03-12 11:19:18,041 - INFO - Response Time: 0.0006678104400634766
2024-03-12 11:19:18,042 - INFO - CPU Utilization: 0.0%
2024-03-12 11:19:18,042 - INFO - Memory Utilization: 25.8%
2024-03-12 11:19:18,042 - INFO - Response Time: 0.0005707740783691406
2024-03-12 11:19:18,042 - INFO - CPU Utilization: 0.0%
2024-03-12 11:19:18,043 - INFO - Memory Utilization: 25.8%
2024-03-12 11:19:18,043 - INFO - Response Time: 0.00057220458984375
2024-03-12 11:19:18,043 - INFO - CPU Utilization: 0.0%
2024-03-12 11:19:18,043 - INFO - Memory Utilization: 25.8%
2024-03-12 11:19:18,044 - INFO - Response Time: 0.0008037090301513672
2024-03-12 11:19:18,045 - INFO - CPU Utilization: 0.0%
2024-03-12 11:19:18,045 - INFO - Memory Utilization: 25.8%
2024-03-12 11:19:18,045 - INFO - Response Time: 0.0005359649658203125
2024-03-12 11:19:18,045 - INFO - CPU Utilization: 0.0%
2024-03-12 11:19:18,045 - INFO - Memory Utilization: 25.8%
2024-03-12 11:19:18,046 - INFO - Response Time: 0.0008490085601806641
2024-03-12 11:19:18,047 - INFO - CPU Utilization: 0.0%
2024-03-12 11:19:18,047 - INFO - Memory Utilization: 25.8%
2024-03-12 11:19:18,047 - INFO - Response Time: 0.0005736351013183594
2024-03-12 11:19:18,048 - INFO - CPU Utilization: 0.0%
2024-03-12 11:19:18,048 - INFO - Memory Utilization: 25.8%
2024-03-12 11:19:18,048 - INFO - Response Time: 0.000637054443359375
2024-03-12 11:19:18,048 - INFO - CPU Utilization: 0.0%
2024-03-12 11:19:18,049 - INFO - Memory Utilization: 25.8%
2024-03-12 11:19:18,049 - INFO - Response Time: 0.00060272216796875
2024-03-12 11:19:18,049 - INFO - CPU Utilization: 50.0%
2024-03-12 11:19:18,049 - INFO - Memory Utilization: 25.8%
2024-03-12 11:19:18,050 - INFO - Response Time: 0.0007002353668212891
2024-03-12 11:19:18,050 - INFO - CPU Utilization: 0.0%
2024-03-12 11:19:18,050 - INFO - Memory Utilization: 25.8%
2024-03-12 11:19:18,051 - INFO - Response Time: 0.0008099079132080078
2024-03-12 11:19:18,052 - INFO - CPU Utilization: 0.0%
2024-03-12 11:19:18,052 - INFO - Memory Utilization: 25.8%
2024-03-12 11:19:18,052 - INFO - Response Time: 0.00043892860412597656
2024-03-12 11:19:18,053 - INFO - CPU Utilization: 0.0%
2024-03-12 11:19:18,053 - INFO - Memory Utilization: 25.8%
2024-03-12 11:19:18,053 - INFO - Response Time: 0.0006353855133056641
2024-03-12 11:19:18,054 - INFO - CPU Utilization: 0.0%
2024-03-12 11:19:18,054 - INFO - Memory Utilization: 25.8%
2024-03-12 11:19:18,054 - INFO - Response Time: 0.0005412101745605469
2024-03-12 11:19:18,054 - INFO - CPU Utilization: 0.0%
2024-03-12 11:19:18,054 - INFO - Memory Utilization: 25.8%
2024-03-12 11:19:18,055 - INFO - Response Time: 0.0007796287536621094
2024-03-12 11:19:18,055 - INFO - CPU Utilization: 0.0%
2024-03-12 11:19:18,056 - INFO - Memory Utilization: 25.8%
2024-03-12 11:19:18,056 - INFO - Response Time: 0.0006852149963378906
2024-03-12 11:19:18,057 - INFO - CPU Utilization: 0.0%
2024-03-12 11:19:18,057 - INFO - Memory Utilization: 25.8%
2024-03-12 11:19:18,057 - INFO - Response Time: 0.0006091594696044922
2024-03-12 11:19:18,058 - INFO - CPU Utilization: 50.0%
2024-03-12 11:19:18,058 - INFO - Memory Utilization: 25.8%
2024-03-12 11:19:18,059 - INFO - Response Time: 0.0006308555603027344
2024-03-12 11:19:18,059 - INFO - CPU Utilization: 0.0%
2024-03-12 11:19:18,059 - INFO - Memory Utilization: 25.8%
2024-03-12 11:19:18,059 - INFO - Response Time: 0.0004191398620605469
2024-03-12 11:19:18,060 - INFO - CPU Utilization: 0.0%
2024-03-12 11:19:18,060 - INFO - Memory Utilization: 25.8%
2024-03-12 11:19:18,060 - INFO - Response Time: 0.0005288124084472656
2024-03-12 11:19:18,061 - INFO - CPU Utilization: 0.0%
2024-03-12 11:19:18,061 - INFO - Memory Utilization: 25.8%
2024-03-12 11:19:18,061 - INFO - Response Time: 0.0006258487701416016
2024-03-12 11:19:18,062 - INFO - CPU Utilization: 0.0%
2024-03-12 11:19:18,062 - INFO - Memory Utilization: 25.8%
2024-03-12 11:19:18,062 - INFO - Response Time: 0.0005640983581542969
2024-03-12 11:19:18,062 - INFO - CPU Utilization: 0.0%
2024-03-12 11:19:18,063 - INFO - Memory Utilization: 25.8%
2024-03-12 11:19:18,063 - INFO - Response Time: 0.0008268356323242188
2024-03-12 11:19:18,064 - INFO - CPU Utilization: 0.0%
2024-03-12 11:19:18,064 - INFO - Memory Utilization: 25.8%
2024-03-12 11:19:18,064 - INFO - Response Time: 0.0005979537963867188
2024-03-12 11:19:18,065 - INFO - CPU Utilization: 0.0%
2024-03-12 11:19:18,065 - INFO - Memory Utilization: 25.8%
2024-03-12 11:19:18,065 - INFO - Response Time: 0.00054168701171875
2024-03-12 11:19:18,065 - INFO - CPU Utilization: 50.0%
2024-03-12 11:19:18,066 - INFO - Memory Utilization: 25.8%
2024-03-12 11:19:18,066 - INFO - Response Time: 0.0007448196411132812
2024-03-12 11:19:18,067 - INFO - CPU Utilization: 0.0%
2024-03-12 11:19:18,067 - INFO - Memory Utilization: 25.8%
2024-03-12 11:19:18,067 - INFO - Response Time: 0.0006146430969238281
2024-03-12 11:19:18,068 - INFO - CPU Utilization: 0.0%
2024-03-12 11:19:18,068 - INFO - Memory Utilization: 25.8%
2024-03-12 11:19:18,068 - INFO - Response Time: 0.0006215572357177734
2024-03-12 11:19:18,069 - INFO - CPU Utilization: 0.0%
2024-03-12 11:19:18,069 - INFO - Memory Utilization: 25.8%
2024-03-12 11:19:18,069 - INFO - Response Time: 0.0006349086761474609
2024-03-12 11:19:18,070 - INFO - CPU Utilization: 0.0%
2024-03-12 11:19:18,070 - INFO - Memory Utilization: 25.8%
2024-03-12 11:19:18,070 - INFO - Response Time: 0.0005688667297363281
2024-03-12 11:19:18,071 - INFO - CPU Utilization: 0.0%
2024-03-12 11:19:18,071 - INFO - Memory Utilization: 25.8%
2024-03-12 11:19:18,071 - INFO - Response Time: 0.0006735324859619141
2024-03-12 11:19:18,072 - INFO - CPU Utilization: 0.0%
2024-03-12 11:19:18,072 - INFO - Memory Utilization: 25.8%
2024-03-12 11:19:18,072 - INFO - Response Time: 0.0005495548248291016
2024-03-12 11:19:18,072 - INFO - CPU Utilization: 0.0%
2024-03-12 11:19:18,073 - INFO - Memory Utilization: 25.8%
2024-03-12 11:19:18,074 - INFO - Response Time: 0.0010025501251220703
2024-03-12 11:19:18,074 - INFO - CPU Utilization: 33.3%
2024-03-12 11:19:18,074 - INFO - Memory Utilization: 25.8%
2024-03-12 11:19:18,075 - INFO - Response Time: 0.0005075931549072266
2024-03-12 11:19:18,075 - INFO - CPU Utilization: 0.0%
2024-03-12 11:19:18,075 - INFO - Memory Utilization: 25.8%
2024-03-12 11:19:18,076 - INFO - Response Time: 0.0005440711975097656
2024-03-12 11:19:18,076 - INFO - CPU Utilization: 0.0%
2024-03-12 11:19:18,076 - INFO - Memory Utilization: 25.8%
2024-03-12 11:19:18,076 - INFO - Response Time: 0.0005431175231933594
2024-03-12 11:19:18,077 - INFO - CPU Utilization: 0.0%
2024-03-12 11:19:18,077 - INFO - Memory Utilization: 25.8%
2024-03-12 11:19:18,078 - INFO - Response Time: 0.0006754398345947266
2024-03-12 11:19:18,078 - INFO - CPU Utilization: 0.0%
2024-03-12 11:19:18,078 - INFO - Memory Utilization: 25.8%
2024-03-12 11:19:18,079 - INFO - Response Time: 0.0005562305450439453
2024-03-12 11:19:18,079 - INFO - CPU Utilization: 0.0%
2024-03-12 11:19:18,079 - INFO - Memory Utilization: 25.8%
2024-03-12 11:19:18,079 - INFO - Response Time: 0.0005424022674560547
2024-03-12 11:19:18,080 - INFO - CPU Utilization: 0.0%
2024-03-12 11:19:18,080 - INFO - Memory Utilization: 25.8%
2024-03-12 11:19:18,080 - INFO - Response Time: 0.0006144046783447266
2024-03-12 11:19:18,081 - INFO - CPU Utilization: 0.0%
2024-03-12 11:19:18,081 - INFO - Memory Utilization: 25.8%
2024-03-12 11:19:18,081 - INFO - Response Time: 0.0006906986236572266
2024-03-12 11:19:18,082 - INFO - CPU Utilization: 66.7%
2024-03-12 11:19:18,082 - INFO - Memory Utilization: 25.8%
2024-03-12 11:19:18,082 - INFO - Response Time: 0.0006058216094970703
2024-03-12 11:19:18,083 - INFO - CPU Utilization: 0.0%
2024-03-12 11:19:18,083 - INFO - Memory Utilization: 25.8%
2024-03-12 11:19:18,083 - INFO - Response Time: 0.0005509853363037109
2024-03-12 11:19:18,084 - INFO - CPU Utilization: 0.0%
2024-03-12 11:19:18,084 - INFO - Memory Utilization: 25.8%
2024-03-12 11:19:18,085 - INFO - Response Time: 0.0007550716400146484
2024-03-12 11:19:18,085 - INFO - CPU Utilization: 0.0%
2024-03-12 11:19:18,085 - INFO - Memory Utilization: 25.8%
2024-03-12 11:19:18,086 - INFO - Response Time: 0.0005958080291748047
2024-03-12 11:19:18,086 - INFO - CPU Utilization: 33.3%
2024-03-12 11:19:18,086 - INFO - Memory Utilization: 25.8%
2024-03-12 11:19:18,087 - INFO - Response Time: 0.0005657672882080078
2024-03-12 11:19:18,087 - INFO - CPU Utilization: 0.0%
2024-03-12 11:19:18,087 - INFO - Memory Utilization: 25.8%
2024-03-12 11:19:18,088 - INFO - Response Time: 0.0005173683166503906
2024-03-12 11:19:18,088 - INFO - CPU Utilization: 0.0%
2024-03-12 11:19:18,088 - INFO - Memory Utilization: 25.8%
2024-03-12 11:19:18,088 - INFO - Response Time: 0.0005259513854980469
2024-03-12 11:19:18,089 - INFO - CPU Utilization: 0.0%
2024-03-12 11:19:18,089 - INFO - Memory Utilization: 25.8%
2024-03-12 11:19:18,090 - INFO - Response Time: 0.0005099773406982422
2024-03-12 11:19:18,090 - INFO - CPU Utilization: 33.3%
2024-03-12 11:19:18,090 - INFO - Memory Utilization: 25.8%
2024-03-12 11:19:18,091 - INFO - Response Time: 0.0005183219909667969
2024-03-12 11:19:18,091 - INFO - CPU Utilization: 0.0%
2024-03-12 11:19:18,091 - INFO - Memory Utilization: 25.8%
2024-03-12 11:19:18,092 - INFO - Response Time: 0.00047326087951660156
2024-03-12 11:19:18,092 - INFO - CPU Utilization: 0.0%
2024-03-12 11:19:18,092 - INFO - Memory Utilization: 25.8%
2024-03-12 11:19:18,093 - INFO - Response Time: 0.0006620883941650391
2024-03-12 11:19:18,093 - INFO - CPU Utilization: 0.0%
2024-03-12 11:19:18,093 - INFO - Memory Utilization: 25.8%
2024-03-12 11:19:18,094 - INFO - Response Time: 0.0007355213165283203
2024-03-12 11:19:18,094 - INFO - CPU Utilization: 50.0%
2024-03-12 11:19:18,095 - INFO - Memory Utilization: 25.8%
2024-03-12 11:19:27,103 - INFO - Throughput: 218.54161788665277 B/s
2024-03-12 11:19:27,103 - INFO - Server stopped
